\BOOKMARK [0][]{cover.0}{\376\377\134\001\227\142}{}% 1
\BOOKMARK [0][]{chapter*.1}{\376\377\136\217\000\040\212\000}{}% 2
\BOOKMARK [0][]{chapter*.2}{\376\377\122\115\000\040\212\000}{}% 3
\BOOKMARK [1][-]{contents.1}{\376\377\166\356\137\125}{chapter*.2}% 4
\BOOKMARK [0][]{chapter.1}{\376\377\173\054\0001\172\340\000\040\000\040\131\032\131\015\123\330\145\160\121\150\176\257\121\375\145\160}{}% 5
\BOOKMARK [1][-]{section.1.1}{\376\377\0001\000.\0001\000\040\121\150\176\257\121\375\145\160}{chapter.1}% 6
\BOOKMARK [1][-]{section.1.2}{\376\377\0001\000.\0002\000\040\131\032\127\006\147\361\166\204\000C\000a\000u\000c\000h\000y\171\357\122\006\121\154\137\017\123\312\121\166\136\224\165\050}{chapter.1}% 7
\BOOKMARK [1][-]{section.1.3}{\376\377\0001\000.\0003\000\040\000H\000a\000r\000t\000o\000g\000s\163\260\214\141}{chapter.1}% 8
\BOOKMARK [1][-]{section.1.4}{\376\377\0001\000.\0004\000\040\164\003\124\214\164\003\227\142\116\012\166\204\171\357\122\006}{chapter.1}% 9
\BOOKMARK [1][-]{section.1.5}{\376\377\0001\000.\0005\000\040\153\041\214\003\124\214\121\375\145\160\124\214\000H\000a\000r\000t\000o\000g\000s\133\232\164\006}{chapter.1}% 10
\BOOKMARK [1][-]{section.1.6}{\376\377\0001\000.\0006\000\040\000R\000i\000e\000m\000a\000n\000n\123\357\123\273\131\107\160\271\133\232\164\006\124\214\000R\000a\000d\000\363\133\232\164\006}{chapter.1}% 11
\BOOKMARK [1][-]{section*.8}{\376\377\154\350\213\260}{chapter.1}% 12
\BOOKMARK [0][]{chapter.2}{\376\377\173\054\0002\172\340\000\040\000\040\121\150\176\257\146\040\134\004}{}% 13
\BOOKMARK [1][-]{section.2.1}{\376\377\0002\000.\0001\000\040\121\150\176\257\146\040\134\004\166\204\133\374\145\160}{chapter.2}% 14
\BOOKMARK [1][-]{section.2.2}{\376\377\0002\000.\0002\000\040\123\125\123\366\121\150\176\257\146\040\134\004}{chapter.2}% 15
\BOOKMARK [1][-]{section.2.3}{\376\377\0002\000.\0003\000\040\000H\000.\000\040\000C\000a\000r\000t\000a\000n\133\232\164\006\124\214\164\003\166\204\121\150\176\257\201\352\124\014\147\204}{chapter.2}% 16
\BOOKMARK [1][-]{section.2.4}{\376\377\0002\000.\0004\000\040\000S\000c\000h\000w\000a\000r\000z\137\025\164\006}{chapter.2}% 17
\BOOKMARK [1][-]{section.2.5}{\376\377\0002\000.\0005\000\040\131\032\127\006\166\330\124\214\164\003\116\012\166\204\146\037\137\142\146\040\134\004\124\214\121\370\146\040\134\004}{chapter.2}% 18
\BOOKMARK [1][-]{section.2.6}{\376\377\0002\000.\0006\000\040\164\003\116\012\146\037\137\142\146\040\134\004\124\214\121\370\146\040\134\004\166\204\130\236\225\177\133\232\164\006\124\214\143\251\166\326\133\232\164\006}{chapter.2}% 19
\BOOKMARK [1][-]{section.2.7}{\376\377\0002\000.\0007\000\040\164\003\116\012\121\370\146\040\134\004\166\204\120\117\135\356\133\232\164\006}{chapter.2}% 20
\BOOKMARK [1][-]{section.2.8}{\376\377\0002\000.\0008\000\040\123\314\121\150\176\257\146\040\134\004\145\317\166\204\121\370\140\047\123\112\137\204}{chapter.2}% 21
\BOOKMARK [1][-]{section*.11}{\376\377\154\350\213\260}{chapter.2}% 22
\BOOKMARK [0][]{chapter.3}{\376\377\173\054\0003\172\340\000\040\000\040\153\143\116\244\174\373\116\016\000B\000e\000r\000g\000m\000a\000n\150\070\121\375\145\160}{}% 23
\BOOKMARK [1][-]{section.3.1}{\376\377\0003\000.\0001\000\040\000\050\000L\0002\000H\000\051\000\050\000\051\116\012\133\130\127\050\133\214\131\007\166\204\153\143\116\244\174\373}{chapter.3}% 24
\BOOKMARK [1][-]{section.3.2}{\376\377\0003\000.\0002\000\040\147\011\165\114\127\006\127\213\127\337\166\204\133\214\131\007\153\143\116\244\174\373}{chapter.3}% 25
\BOOKMARK [1][-]{section.3.3}{\376\377\0003\000.\0003\000\040\000B\000e\000r\000g\000m\000a\000n\150\070\121\375\145\160}{chapter.3}% 26
\BOOKMARK [1][-]{section.3.4}{\376\377\0003\000.\0004\000\040\121\170\127\213\127\337\166\204\150\070\121\375\145\160}{chapter.3}% 27
\BOOKMARK [1][-]{section.3.5}{\376\377\0003\000.\0005\000\040\000B\000e\000r\000g\000m\000a\000n\136\246\221\317}{chapter.3}% 28
\BOOKMARK [1][-]{section*.14}{\376\377\154\350\213\260}{chapter.3}% 29
\BOOKMARK [0][]{chapter.4}{\376\377\173\054\0004\172\340\000\040\000\040\000C\000a\000u\000c\000h\000y\171\357\122\006\121\154\137\017}{}% 30
\BOOKMARK [1][-]{section.4.1}{\376\377\0004\000.\0001\000\040\164\003\166\204\000C\000a\000u\000c\000h\000y\171\357\122\006\121\154\137\017}{chapter.4}% 31
\BOOKMARK [1][-]{section.4.2}{\376\377\0004\000.\0002\000\040\162\171\137\201\217\271\165\114\116\012\166\204\211\304\203\003\153\143\116\244\174\373}{chapter.4}% 32
\BOOKMARK [1][-]{section.4.3}{\376\377\0004\000.\0003\000\040\147\011\165\114\146\037\137\142\127\006\127\213\127\337\166\204\000C\000a\000u\000c\000h\000y\171\357\122\006\121\154\137\017}{chapter.4}% 33
\BOOKMARK [1][-]{section.4.4}{\376\377\0004\000.\0004\000\040\121\170\127\213\127\337\166\204\000C\000a\000u\000c\000h\000y\171\357\122\006\121\154\137\017}{chapter.4}% 34
\BOOKMARK [1][-]{section.4.5}{\376\377\0004\000.\0005\000\040\137\256\122\006\137\142\137\017\124\214\000S\000t\000o\000k\000e\000s\121\154\137\017}{chapter.4}% 35
\BOOKMARK [1][-]{section.4.6}{\376\377\0004\000.\0006\000\040\123\125\117\115\122\006\211\343}{chapter.4}% 36
\BOOKMARK [1][-]{section.4.7}{\376\377\0004\000.\0007\000\040\131\015\136\163\227\142\116\012\227\136\237\120\153\041\000C\000a\000u\000c\000h\000y\171\357\122\006\121\154\137\017\123\312\121\166\136\224\165\050}{chapter.4}% 37
\BOOKMARK [1][-]{section.4.8}{\376\377\0004\000.\0008\000\040\000B\000o\000c\000h\000n\000e\000r\000-\000M\000a\000r\000t\000i\000n\000e\000l\000l\000i\171\357\122\006\121\154\137\017}{chapter.4}% 38
\BOOKMARK [1][-]{section*.18}{\376\377\154\350\213\260}{chapter.4}% 39
\BOOKMARK [0][]{chapter.5}{\376\377\173\054\0005\172\340\000\040\000\040\121\150\176\257\121\370\127\337\124\214\142\337\121\370\127\337}{}% 40
\BOOKMARK [1][-]{section.5.1}{\376\377\0005\000.\0001\000\040\121\150\176\257\121\370\127\337}{chapter.5}% 41
\BOOKMARK [1][-]{section.5.2}{\376\377\0005\000.\0002\000\040\000C\000a\000r\000t\000a\000n\000-\000T\000h\000u\000l\000l\000e\000n\133\232\164\006}{chapter.5}% 42
\BOOKMARK [1][-]{section.5.3}{\376\377\0005\000.\0003\000\040\000L\000e\000v\000i\142\337\121\370\127\337}{chapter.5}% 43
\BOOKMARK [1][-]{section.5.4}{\376\377\0005\000.\0004\000\040\131\032\221\315\153\041\214\003\124\214\121\375\145\160}{chapter.5}% 44
\BOOKMARK [1][-]{section.5.5}{\376\377\0005\000.\0005\000\040\142\337\121\370\127\337}{chapter.5}% 45
\BOOKMARK [1][-]{section*.19}{\376\377\154\350\213\260}{chapter.5}% 46
\BOOKMARK [0][]{chapter.6}{\376\377\173\054\0006\172\340\000\040\000\040\0001\000m\000u\000-\0001\000m\000u\000\040\225\356\230\230\123\312\121\166\136\224\165\050}{}% 47
\BOOKMARK [1][-]{section.6.1}{\376\377\0006\000.\0001\000\040\116\044\230\171\121\306\131\007\167\345\213\306}{chapter.6}% 48
\BOOKMARK [1][-]{section.6.2}{\376\377\0006\000.\0002\000\040\142\212\0001\000m\000u\000-\0001\000m\000u\000\040\225\356\230\230\137\122\176\323\116\072\000L\0002\117\060\213\241}{chapter.6}% 49
\BOOKMARK [1][-]{section.6.3}{\376\377\0006\000.\0003\000\040\0001\000m\000u\000-\0001\000m\000u\000\040\225\356\230\230\211\343\166\204\133\130\127\050\140\047\133\232\164\006}{chapter.6}% 50
\BOOKMARK [1][-]{section.6.4}{\376\377\0006\000.\0004\000\040\0001\000m\000u\000-\0001\000m\000u\000\040\225\356\230\230\211\343\166\204\153\143\122\031\140\047}{chapter.6}% 51
\BOOKMARK [1][-]{section.6.5}{\376\377\0006\000.\0005\000\040\000L\000e\000v\000i\225\356\230\230}{chapter.6}% 52
\BOOKMARK [1][-]{section.6.6}{\376\377\0006\000.\0006\000\040\000C\000o\000u\000s\000i\000n\225\356\230\230\124\214\226\144\154\325\225\356\230\230}{chapter.6}% 53
\BOOKMARK [1][-]{section.6.7}{\376\377\0006\000.\0007\000\040\0001\000m\000u\000-\0001\000m\000u\000\040\225\356\230\230\211\343\166\204\116\000\201\364\117\060\213\241}{chapter.6}% 54
\BOOKMARK [1][-]{section*.25}{\376\377\154\350\213\260}{chapter.6}% 55
\BOOKMARK [0][]{section*.26}{\376\377\123\302\200\003\145\207\163\056}{}% 56
\BOOKMARK [0][]{section*.28}{\376\377\173\046\123\367\175\042\137\025}{}% 57
\BOOKMARK [0][]{section*.30}{\376\377\124\015\213\315\175\042\137\025}{}% 58
